  main.cpp
  The contents of <optional> are available only with C++17 or later.
D:\git\cppRepos\StageAggregator\StageAggregator\stats_aggregator.h(36,7): error C2039: 'optional': is not a member of 'std'
C:\Program Files (x86)\Microsoft Visual Studio\2019\Community\VC\Tools\MSVC\14.28.29333\include\set(23): message : see declaration of 'std'
D:\git\cppRepos\StageAggregator\StageAggregator\stats_aggregator.h(36,15): error C2143: syntax error: missing ';' before '<'
D:\git\cppRepos\StageAggregator\StageAggregator\stats_aggregator.h(36,15): error C4430: missing type specifier - int assumed. Note: C++ does not support default-int
D:\git\cppRepos\StageAggregator\StageAggregator\stats_aggregator.h(36,32): error C2238: unexpected token(s) preceding ';'
D:\git\cppRepos\StageAggregator\StageAggregator\stats_aggregator.h(45,7): error C2039: 'optional': is not a member of 'std'
C:\Program Files (x86)\Microsoft Visual Studio\2019\Community\VC\Tools\MSVC\14.28.29333\include\set(23): message : see declaration of 'std'
D:\git\cppRepos\StageAggregator\StageAggregator\stats_aggregator.h(45,15): error C2143: syntax error: missing ';' before '<'
D:\git\cppRepos\StageAggregator\StageAggregator\stats_aggregator.h(45,15): error C4430: missing type specifier - int assumed. Note: C++ does not support default-int
D:\git\cppRepos\StageAggregator\StageAggregator\stats_aggregator.h(45,32): error C2238: unexpected token(s) preceding ';'
D:\git\cppRepos\StageAggregator\StageAggregator\stats_aggregator.h(65,7): error C2039: 'optional': is not a member of 'std'
C:\Program Files (x86)\Microsoft Visual Studio\2019\Community\VC\Tools\MSVC\14.28.29333\include\set(23): message : see declaration of 'std'
D:\git\cppRepos\StageAggregator\StageAggregator\stats_aggregator.h(65,15): error C2143: syntax error: missing ';' before '<'
D:\git\cppRepos\StageAggregator\StageAggregator\stats_aggregator.h(65,15): error C4430: missing type specifier - int assumed. Note: C++ does not support default-int
D:\git\cppRepos\StageAggregator\StageAggregator\stats_aggregator.h(65,25): error C2238: unexpected token(s) preceding ';'
  stats_aggregator.cpp
  The contents of <optional> are available only with C++17 or later.
D:\git\cppRepos\StageAggregator\StageAggregator\stats_aggregator.h(36,7): error C2039: 'optional': is not a member of 'std'
C:\Program Files (x86)\Microsoft Visual Studio\2019\Community\VC\Tools\MSVC\14.28.29333\include\unordered_map(24): message : see declaration of 'std'
D:\git\cppRepos\StageAggregator\StageAggregator\stats_aggregator.h(36,15): error C2143: syntax error: missing ';' before '<'
D:\git\cppRepos\StageAggregator\StageAggregator\stats_aggregator.h(36,15): error C4430: missing type specifier - int assumed. Note: C++ does not support default-int
D:\git\cppRepos\StageAggregator\StageAggregator\stats_aggregator.h(36,32): error C2238: unexpected token(s) preceding ';'
D:\git\cppRepos\StageAggregator\StageAggregator\stats_aggregator.h(45,7): error C2039: 'optional': is not a member of 'std'
C:\Program Files (x86)\Microsoft Visual Studio\2019\Community\VC\Tools\MSVC\14.28.29333\include\unordered_map(24): message : see declaration of 'std'
D:\git\cppRepos\StageAggregator\StageAggregator\stats_aggregator.h(45,15): error C2143: syntax error: missing ';' before '<'
D:\git\cppRepos\StageAggregator\StageAggregator\stats_aggregator.h(45,15): error C4430: missing type specifier - int assumed. Note: C++ does not support default-int
D:\git\cppRepos\StageAggregator\StageAggregator\stats_aggregator.h(45,32): error C2238: unexpected token(s) preceding ';'
D:\git\cppRepos\StageAggregator\StageAggregator\stats_aggregator.h(65,7): error C2039: 'optional': is not a member of 'std'
C:\Program Files (x86)\Microsoft Visual Studio\2019\Community\VC\Tools\MSVC\14.28.29333\include\unordered_map(24): message : see declaration of 'std'
D:\git\cppRepos\StageAggregator\StageAggregator\stats_aggregator.h(65,15): error C2143: syntax error: missing ';' before '<'
D:\git\cppRepos\StageAggregator\StageAggregator\stats_aggregator.h(65,15): error C4430: missing type specifier - int assumed. Note: C++ does not support default-int
D:\git\cppRepos\StageAggregator\StageAggregator\stats_aggregator.h(65,25): error C2238: unexpected token(s) preceding ';'
D:\git\cppRepos\StageAggregator\StageAggregator\stats_aggregator.cpp(6,1): error C4430: missing type specifier - int assumed. Note: C++ does not support default-int
D:\git\cppRepos\StageAggregator\StageAggregator\stats_aggregator.cpp(6,50): error C2988: unrecognizable template declaration/definition
D:\git\cppRepos\StageAggregator\StageAggregator\stats_aggregator.cpp(6,50): error C2143: syntax error: missing ',' before '<'
D:\git\cppRepos\StageAggregator\StageAggregator\stats_aggregator.cpp(7,9): error C3861: 'v': identifier not found
D:\git\cppRepos\StageAggregator\StageAggregator\stats_aggregator.cpp(8,16): error C2065: 'v': undeclared identifier
D:\git\cppRepos\StageAggregator\StageAggregator\stats_aggregator.cpp(8,16): error C3861: 'v': identifier not found
D:\git\cppRepos\StageAggregator\StageAggregator\stats_aggregator.cpp(42,10): error C2065: 'current_min': undeclared identifier
D:\git\cppRepos\StageAggregator\StageAggregator\stats_aggregator.cpp(42,34): error C2065: 'current_min': undeclared identifier
D:\git\cppRepos\StageAggregator\StageAggregator\stats_aggregator.cpp(43,9): error C2065: 'current_min': undeclared identifier
D:\git\cppRepos\StageAggregator\StageAggregator\stats_aggregator.cpp(48,25): error C2065: 'current_min': undeclared identifier
D:\git\cppRepos\StageAggregator\StageAggregator\stats_aggregator.cpp(52,10): error C2065: 'current_max': undeclared identifier
D:\git\cppRepos\StageAggregator\StageAggregator\stats_aggregator.cpp(52,34): error C2065: 'current_max': undeclared identifier
D:\git\cppRepos\StageAggregator\StageAggregator\stats_aggregator.cpp(53,9): error C2065: 'current_max': undeclared identifier
D:\git\cppRepos\StageAggregator\StageAggregator\stats_aggregator.cpp(58,25): error C2065: 'current_max': undeclared identifier
D:\git\cppRepos\StageAggregator\StageAggregator\stats_aggregator.cpp(78,10): error C2065: 'mode': undeclared identifier
D:\git\cppRepos\StageAggregator\StageAggregator\stats_aggregator.cpp(78,41): error C2065: 'mode': undeclared identifier
D:\git\cppRepos\StageAggregator\StageAggregator\stats_aggregator.cpp(79,9): error C2065: 'mode': undeclared identifier
D:\git\cppRepos\StageAggregator\StageAggregator\stats_aggregator.cpp(84,26): error C2065: 'mode': undeclared identifier
  stats_aggregator_test.cpp
  The contents of <optional> are available only with C++17 or later.
D:\git\cppRepos\StageAggregator\StageAggregator\stats_aggregator.h(36,7): error C2039: 'optional': is not a member of 'std'
C:\Program Files (x86)\Microsoft Visual Studio\2019\Community\VC\Tools\MSVC\14.28.29333\include\unordered_map(24): message : see declaration of 'std'
D:\git\cppRepos\StageAggregator\StageAggregator\stats_aggregator.h(36,15): error C2143: syntax error: missing ';' before '<'
D:\git\cppRepos\StageAggregator\StageAggregator\stats_aggregator.h(36,15): error C4430: missing type specifier - int assumed. Note: C++ does not support default-int
D:\git\cppRepos\StageAggregator\StageAggregator\stats_aggregator.h(36,32): error C2238: unexpected token(s) preceding ';'
D:\git\cppRepos\StageAggregator\StageAggregator\stats_aggregator.h(45,7): error C2039: 'optional': is not a member of 'std'
C:\Program Files (x86)\Microsoft Visual Studio\2019\Community\VC\Tools\MSVC\14.28.29333\include\unordered_map(24): message : see declaration of 'std'
D:\git\cppRepos\StageAggregator\StageAggregator\stats_aggregator.h(45,15): error C2143: syntax error: missing ';' before '<'
D:\git\cppRepos\StageAggregator\StageAggregator\stats_aggregator.h(45,15): error C4430: missing type specifier - int assumed. Note: C++ does not support default-int
D:\git\cppRepos\StageAggregator\StageAggregator\stats_aggregator.h(45,32): error C2238: unexpected token(s) preceding ';'
D:\git\cppRepos\StageAggregator\StageAggregator\stats_aggregator.h(65,7): error C2039: 'optional': is not a member of 'std'
C:\Program Files (x86)\Microsoft Visual Studio\2019\Community\VC\Tools\MSVC\14.28.29333\include\unordered_map(24): message : see declaration of 'std'
D:\git\cppRepos\StageAggregator\StageAggregator\stats_aggregator.h(65,15): error C2143: syntax error: missing ';' before '<'
D:\git\cppRepos\StageAggregator\StageAggregator\stats_aggregator.h(65,15): error C4430: missing type specifier - int assumed. Note: C++ does not support default-int
D:\git\cppRepos\StageAggregator\StageAggregator\stats_aggregator.h(65,25): error C2238: unexpected token(s) preceding ';'
  Generating Code...
